[INFO ] 2022-03-31 21:42:16.834 [main] TC_CheckLoginTest_01 - Url is opened...
[INFO ] 2022-03-31 21:42:17.003 [main] TC_CheckLoginTest_01 - User id is entered...
[INFO ] 2022-03-31 21:42:17.076 [main] TC_CheckLoginTest_01 - Password is entered...
[INFO ] 2022-03-31 21:42:20.992 [main] TC_CheckLoginTest_01 - Login button is clicked...
[INFO ] 2022-03-31 21:42:21.000 [main] TC_CheckLoginTest_01 - Assert statement is true...
[INFO ] 2022-03-31 21:44:26.072 [main] TC_CheckLoginTest_01 - Url is opened...
[INFO ] 2022-03-31 21:44:26.196 [main] TC_CheckLoginTest_01 - User id is entered...
[INFO ] 2022-03-31 21:44:26.273 [main] TC_CheckLoginTest_01 - Password is entered...
[INFO ] 2022-03-31 21:44:29.757 [main] TC_CheckLoginTest_01 - Login button is clicked...
[INFO ] 2022-03-31 21:44:29.769 [main] TC_CheckLoginTest_01 - Assert statement is true...
[INFO ] 2022-03-31 22:03:07.487 [main] TC_CheckLoginTest_01 - Url is opened...
[INFO ] 2022-03-31 22:03:07.637 [main] TC_CheckLoginTest_01 - User id is entered...
[INFO ] 2022-03-31 22:03:07.711 [main] TC_CheckLoginTest_01 - Password is entered...
[INFO ] 2022-03-31 22:03:11.391 [main] TC_CheckLoginTest_01 - Login button is clicked...
[INFO ] 2022-03-31 22:03:11.399 [main] TC_CheckLoginTest_01 - Assert statement is true...
[INFO ] 2022-03-31 22:06:04.959 [main] TC_CheckLoginTest_01 - User id is entered...
[INFO ] 2022-03-31 22:06:05.039 [main] TC_CheckLoginTest_01 - Password is entered...
[INFO ] 2022-03-31 22:06:08.865 [main] TC_CheckLoginTest_01 - Login button is clicked...
[INFO ] 2022-03-31 22:06:08.874 [main] TC_CheckLoginTest_01 - Assert statement is true...
[INFO ] 2022-03-31 22:08:22.480 [main] TC_CheckLoginTest_01 - User id is entered...
[INFO ] 2022-03-31 22:08:22.562 [main] TC_CheckLoginTest_01 - Password is entered...
[INFO ] 2022-03-31 22:08:24.966 [main] TC_CheckLoginTest_01 - Login button is clicked...
[INFO ] 2022-04-04 20:35:49.432 [main] TC_CheckLoginTest_01 - User id is entered...
[INFO ] 2022-04-04 20:35:49.747 [main] TC_CheckLoginTest_01 - Password is entered...
[INFO ] 2022-04-04 20:35:52.514 [main] TC_CheckLoginTest_01 - Login button is clicked...
[INFO ] 2022-04-04 20:35:52.550 [main] TC_CheckLoginTest_01 - Assert statement is true...
[INFO ] 2022-04-04 20:38:56.140 [main] TC_CheckLoginTest_01 - User id is entered...
[INFO ] 2022-04-04 20:38:56.277 [main] TC_CheckLoginTest_01 - Password is entered...
[INFO ] 2022-04-04 20:38:59.752 [main] TC_CheckLoginTest_01 - Login button is clicked...
[INFO ] 2022-04-04 20:38:59.770 [main] TC_CheckLoginTest_01 - Assert statement is true...
[INFO ] 2022-04-04 20:39:12.852 [main] TC_CheckLoginTest_01 - User id is entered...
[INFO ] 2022-04-04 20:39:13.151 [main] TC_CheckLoginTest_01 - Password is entered...
[INFO ] 2022-04-04 20:39:15.714 [main] TC_CheckLoginTest_01 - Login button is clicked...
[INFO ] 2022-04-04 20:41:34.805 [main] TC_CheckLoginTest_01 - User id is entered...
[INFO ] 2022-04-04 20:41:34.944 [main] TC_CheckLoginTest_01 - Password is entered...
[INFO ] 2022-04-04 20:41:37.534 [main] TC_CheckLoginTest_01 - Login button is clicked...
[INFO ] 2022-04-04 20:41:37.549 [main] TC_CheckLoginTest_01 - Assert statement is true...
[INFO ] 2022-04-04 20:41:52.983 [main] TC_CheckLoginTest_01 - User id is entered...
[INFO ] 2022-04-04 20:41:53.134 [main] TC_CheckLoginTest_01 - Password is entered...
[INFO ] 2022-04-04 20:41:55.759 [main] TC_CheckLoginTest_01 - Login button is clicked...
[INFO ] 2022-04-04 20:46:59.834 [main] TC_CheckLoginTest_01 - User id is entered...
[INFO ] 2022-04-04 20:46:59.969 [main] TC_CheckLoginTest_01 - Password is entered...
[INFO ] 2022-04-04 20:47:03.148 [main] TC_CheckLoginTest_01 - Login button is clicked...
[INFO ] 2022-04-04 20:47:03.173 [main] TC_CheckLoginTest_01 - Assert statement is true...
[INFO ] 2022-04-04 20:47:16.686 [main] TC_CheckLoginTest_01 - User id is entered...
[INFO ] 2022-04-04 20:47:16.826 [main] TC_CheckLoginTest_01 - Password is entered...
[INFO ] 2022-04-04 20:47:19.873 [main] TC_CheckLoginTest_01 - Login button is clicked...
[INFO ] 2022-04-04 20:49:38.983 [main] TC_CheckLoginTest_01 - User id is entered...
[INFO ] 2022-04-04 20:49:39.126 [main] TC_CheckLoginTest_01 - Password is entered...
[INFO ] 2022-04-04 20:49:41.896 [main] TC_CheckLoginTest_01 - Login button is clicked...
[INFO ] 2022-04-04 20:49:41.910 [main] TC_CheckLoginTest_01 - Assert statement is true...
[INFO ] 2022-04-04 20:49:56.979 [main] TC_AssertTitleTest_02 - User id is entered...
[INFO ] 2022-04-04 20:49:57.116 [main] TC_AssertTitleTest_02 - Password is entered...
[INFO ] 2022-04-04 20:50:00.677 [main] TC_AssertTitleTest_02 - Login button is clicked...
[INFO ] 2022-04-04 20:56:58.369 [main] TC_CheckLoginTest_01 - User id is entered...
[INFO ] 2022-04-04 20:56:58.737 [main] TC_CheckLoginTest_01 - Password is entered...
[INFO ] 2022-04-04 20:57:01.206 [main] TC_CheckLoginTest_01 - Login button is clicked...
[INFO ] 2022-04-04 20:57:01.238 [main] TC_CheckLoginTest_01 - Assert statement is true...
[INFO ] 2022-04-04 20:57:15.411 [main] TC_AssertTitleTest_02 - User id is entered...
[INFO ] 2022-04-04 20:57:16.157 [main] TC_AssertTitleTest_02 - Password is entered...
[INFO ] 2022-04-04 20:57:19.085 [main] TC_AssertTitleTest_02 - Login button is clicked...
[INFO ] 2022-04-04 21:01:06.785 [main] TC_CheckLoginTest_01 - User id is entered...
[INFO ] 2022-04-04 21:01:06.933 [main] TC_CheckLoginTest_01 - Password is entered...
[INFO ] 2022-04-04 21:01:10.300 [main] TC_CheckLoginTest_01 - Login button is clicked...
[INFO ] 2022-04-04 21:01:10.338 [main] TC_CheckLoginTest_01 - Assert statement is true...
[INFO ] 2022-04-04 21:03:16.055 [main] TC_CheckLoginTest_01 - User id is entered...
[INFO ] 2022-04-04 21:03:16.154 [main] TC_CheckLoginTest_01 - Password is entered...
[INFO ] 2022-04-04 21:03:19.928 [main] TC_CheckLoginTest_01 - Login button is clicked...
[INFO ] 2022-04-04 21:03:19.968 [main] TC_CheckLoginTest_01 - Assert statement is true...
[INFO ] 2022-04-04 21:03:37.348 [main] TC_AssertTitleTest_02 - User id is entered...
[INFO ] 2022-04-04 21:03:37.451 [main] TC_AssertTitleTest_02 - Password is entered...
[INFO ] 2022-04-04 21:03:40.859 [main] TC_AssertTitleTest_02 - Login button is clicked...
[INFO ] 2022-04-04 21:04:47.552 [main] TC_CheckLoginTest_01 - User id is entered...
[INFO ] 2022-04-04 21:04:47.753 [main] TC_CheckLoginTest_01 - Password is entered...
[INFO ] 2022-04-04 21:04:50.075 [main] TC_CheckLoginTest_01 - Login button is clicked...
[INFO ] 2022-04-04 21:04:50.106 [main] TC_CheckLoginTest_01 - Assert statement is true...
[INFO ] 2022-04-04 21:05:48.554 [main] TC_CheckLoginTest_01 - User id is entered...
[INFO ] 2022-04-04 21:05:48.745 [main] TC_CheckLoginTest_01 - Password is entered...
[INFO ] 2022-04-04 21:05:51.759 [main] TC_CheckLoginTest_01 - Login button is clicked...
[INFO ] 2022-04-04 21:05:51.789 [main] TC_CheckLoginTest_01 - Assert statement is true...
[INFO ] 2022-04-04 21:06:42.543 [main] TC_CheckLoginTest_01 - User id is entered...
[INFO ] 2022-04-04 21:06:42.691 [main] TC_CheckLoginTest_01 - Password is entered...
[INFO ] 2022-04-04 21:06:45.544 [main] TC_CheckLoginTest_01 - Login button is clicked...
[INFO ] 2022-04-04 21:06:45.580 [main] TC_CheckLoginTest_01 - Assert statement is true...
[INFO ] 2022-04-04 21:08:04.576 [main] TC_CheckLoginTest_01 - User id is entered...
[INFO ] 2022-04-04 21:08:04.683 [main] TC_CheckLoginTest_01 - Password is entered...
[INFO ] 2022-04-04 21:08:08.087 [main] TC_CheckLoginTest_01 - Login button is clicked...
[INFO ] 2022-04-04 21:08:08.117 [main] TC_CheckLoginTest_01 - Assert statement is true...
[INFO ] 2022-04-04 21:08:22.812 [main] TC_AssertTitleTest_02 - User id is entered...
[INFO ] 2022-04-04 21:08:22.933 [main] TC_AssertTitleTest_02 - Password is entered...
[INFO ] 2022-04-04 21:08:25.950 [main] TC_AssertTitleTest_02 - Login button is clicked...
[INFO ] 2022-04-04 21:22:03.137 [main] TC_CheckLoginTest_01 - User id is entered...
[INFO ] 2022-04-04 21:22:03.331 [main] TC_CheckLoginTest_01 - Password is entered...
[INFO ] 2022-04-04 21:22:07.070 [main] TC_CheckLoginTest_01 - Login button is clicked...
[INFO ] 2022-04-04 21:22:07.103 [main] TC_CheckLoginTest_01 - Assert statement is true...
[INFO ] 2022-04-04 21:22:23.507 [main] TC_AssertTitleTest_02 - User id is entered...
[INFO ] 2022-04-04 21:22:23.812 [main] TC_AssertTitleTest_02 - Password is entered...
[INFO ] 2022-04-04 21:22:26.872 [main] TC_AssertTitleTest_02 - Login button is clicked...
[INFO ] 2022-04-05 08:47:49.762 [main] TC_CheckLoginTest_01 - User id is entered...
[INFO ] 2022-04-05 08:47:49.898 [main] TC_CheckLoginTest_01 - Password is entered...
[INFO ] 2022-04-05 08:47:51.962 [main] TC_CheckLoginTest_01 - Login button is clicked...
[INFO ] 2022-04-05 08:47:51.976 [main] TC_CheckLoginTest_01 - Assert statement is true...
[INFO ] 2022-04-05 08:48:03.467 [main] TC_AssertTitleTest_02 - User id is entered...
[INFO ] 2022-04-05 08:48:03.565 [main] TC_AssertTitleTest_02 - Password is entered...
[INFO ] 2022-04-05 08:48:06.586 [main] TC_AssertTitleTest_02 - Login button is clicked...
[INFO ] 2022-04-05 08:53:56.444 [main] TC_CheckLoginTest_01 - User id is entered...
[INFO ] 2022-04-05 08:53:56.577 [main] TC_CheckLoginTest_01 - Password is entered...
[INFO ] 2022-04-05 08:53:58.930 [main] TC_CheckLoginTest_01 - Login button is clicked...
[INFO ] 2022-04-05 08:53:58.945 [main] TC_CheckLoginTest_01 - Assert statement is true...
[INFO ] 2022-04-05 08:54:08.827 [main] TC_AssertTitleTest_02 - User id is entered...
[INFO ] 2022-04-05 08:54:08.957 [main] TC_AssertTitleTest_02 - Password is entered...
[INFO ] 2022-04-05 08:54:10.923 [main] TC_AssertTitleTest_02 - Login button is clicked...
[INFO ] 2022-04-05 08:57:47.636 [main] TC_CheckLoginTest_01 - User id is entered...
[INFO ] 2022-04-05 08:57:47.754 [main] TC_CheckLoginTest_01 - Password is entered...
[INFO ] 2022-04-05 08:57:49.520 [main] TC_CheckLoginTest_01 - Login button is clicked...
[INFO ] 2022-04-05 08:57:49.533 [main] TC_CheckLoginTest_01 - Assert statement is true...
[INFO ] 2022-04-05 08:57:59.838 [main] TC_AssertTitleTest_02 - User id is entered...
[INFO ] 2022-04-05 08:58:00.085 [main] TC_AssertTitleTest_02 - Password is entered...
[INFO ] 2022-04-05 08:58:02.785 [main] TC_AssertTitleTest_02 - Login button is clicked...
[INFO ] 2022-04-12 13:56:53.771 [main] TC_CheckLoginTest_01 - User id is entered...
[INFO ] 2022-04-12 13:56:54.044 [main] TC_CheckLoginTest_01 - Password is entered...
[INFO ] 2022-04-12 13:56:56.253 [main] TC_CheckLoginTest_01 - Login button is clicked...
[INFO ] 2022-04-12 13:56:56.339 [main] TC_CheckLoginTest_01 - Assert statement is true...
[INFO ] 2022-04-12 13:57:08.495 [main] TC_AssertTitleTest_02 - User id is entered...
[INFO ] 2022-04-12 13:57:08.601 [main] TC_AssertTitleTest_02 - Password is entered...
[INFO ] 2022-04-12 13:57:11.334 [main] TC_AssertTitleTest_02 - Login button is clicked...
[INFO ] 2022-04-12 13:58:47.483 [main] TC_CheckLoginTest_01 - User id is entered...
[INFO ] 2022-04-12 13:58:47.651 [main] TC_CheckLoginTest_01 - Password is entered...
[INFO ] 2022-04-12 13:58:49.849 [main] TC_CheckLoginTest_01 - Login button is clicked...
[INFO ] 2022-04-12 13:58:49.861 [main] TC_CheckLoginTest_01 - Assert statement is true...
[INFO ] 2022-04-12 14:00:45.625 [main] TC_CheckLoginTest_01 - User id is entered...
[INFO ] 2022-04-12 14:00:45.729 [main] TC_CheckLoginTest_01 - Password is entered...
[INFO ] 2022-04-12 14:00:48.624 [main] TC_CheckLoginTest_01 - Login button is clicked...
[INFO ] 2022-04-12 14:00:48.636 [main] TC_CheckLoginTest_01 - Assert statement is true...
[INFO ] 2022-04-12 14:01:39.361 [main] TC_CheckLoginTest_01 - User id is entered...
[INFO ] 2022-04-12 14:01:39.485 [main] TC_CheckLoginTest_01 - Password is entered...
[INFO ] 2022-04-12 14:01:43.017 [main] TC_CheckLoginTest_01 - Login button is clicked...
[INFO ] 2022-04-12 14:01:43.028 [main] TC_CheckLoginTest_01 - Assert statement is true...
[INFO ] 2022-04-12 14:01:58.153 [main] TC_AssertTitleTest_02 - User id is entered...
[INFO ] 2022-04-12 14:01:58.393 [main] TC_AssertTitleTest_02 - Password is entered...
[INFO ] 2022-04-12 14:02:00.685 [main] TC_AssertTitleTest_02 - Login button is clicked...
